\BOOKMARK [0][-]{chapter.1}{\376\377\000W\000p\000r\000o\000w\000a\000d\000z\000e\000n\000i\000e}{}% 1
\BOOKMARK [0][-]{chapter.2}{\376\377\000B\000a\000d\000a\000n\000i\000a\000\040\000l\000i\000t\000e\000r\000a\000t\000u\000r\000o\000w\000e}{}% 2
\BOOKMARK [1][-]{section.2.1}{\376\377\000W\000y\000d\000a\000j\000n\000o\001\133\001\007\000,\000\040\000s\000k\000a\000l\000o\000w\000a\000n\000i\000e\000\040\000i\000\040\000r\000e\000p\000l\000i\000k\000a\000c\000j\000a}{chapter.2}% 3
\BOOKMARK [2][-]{subsection.2.1.1}{\376\377\000W\000s\000t\001\031\000p}{section.2.1}% 4
\BOOKMARK [2][-]{subsection.2.1.2}{\376\377\000B\000u\000f\000o\000r\000o\000w\000a\000n\000i\000e\000\040\000o\000r\000a\000z\000\040\000z\000a\000r\000z\001\005\000d\000z\000a\000n\000i\000e\000\040\000p\000o\001\102\001\005\000c\000z\000e\000n\000i\000a\000m\000i}{section.2.1}% 5
\BOOKMARK [3][-]{subsubsection*.3}{\376\377\000B\000u\000f\000o\000r\000o\000w\000a\000n\000i\000e\000\040\000p\000o\001\102\001\005\000c\000z\000e\001\104\000:}{subsection.2.1.2}% 6
\BOOKMARK [3][-]{subsubsection*.4}{\376\377\000Z\000a\000r\000z\001\005\000d\000z\000a\000n\000i\000e\000\040\000p\000o\001\102\001\005\000c\000z\000e\000n\000i\000a\000m\000i\000:}{subsection.2.1.2}% 7
\BOOKMARK [2][-]{subsection.2.1.3}{\376\377\000W\000y\000d\000a\000j\000n\000o\001\133\001\007}{section.2.1}% 8
\BOOKMARK [3][-]{subsubsection*.5}{\376\377\000K\000l\000a\000s\000t\000r\000y\000\040\000o\000r\000a\000z\000\040\000i\000n\000d\000e\000k\000s\000y}{subsection.2.1.3}% 9
\BOOKMARK [3][-]{subsubsection*.6}{\376\377\0001\000.\000\040\000W\000s\000p\000\363\001\102\000b\000i\000e\001\174\000n\000o\001\133\001\007\000\040\000w\000\040\000b\000a\000z\000a\000c\000h\000\040\000d\000a\000n\000y\000c\000h}{subsection.2.1.3}% 10
\BOOKMARK [3][-]{subsubsection*.7}{\376\377\0002\000.\000\040\000P\000r\000z\000e\000p\000u\000s\000t\000o\000w\000o\001\133\001\007\000\040\000b\000a\000z\000y\000\040\000d\000a\000n\000y\000c\000h}{subsection.2.1.3}% 11
\BOOKMARK [3][-]{subsubsection*.8}{\376\377\0003\000.\000\040\000R\000e\000s\000p\000o\000n\000s\000y\000w\000n\000o\001\133\001\007\000\040\000b\000a\000z\000y\000\040\000d\000a\000n\000y\000c\000h}{subsection.2.1.3}% 12
\BOOKMARK [3][-]{subsubsection*.9}{\376\377\0004\000.\000\040\000Z\000a\000p\000y\000t\000a\000n\000i\000a\000\040\000N\000+\0001}{subsection.2.1.3}% 13
\BOOKMARK [3][-]{subsubsection*.10}{\376\377\0005\000.\000\040\000B\001\102\001\031\000d\000y\000\040\000w\000\040\000b\000a\000z\000a\000c\000h\000\040\000d\000a\000n\000y\000c\000h}{subsection.2.1.3}% 14
\BOOKMARK [3][-]{subsubsection*.11}{\376\377\0006\000.\000\040\000Z\000u\001\174\000y\000c\000i\000e\000\040\000d\000o\000s\000t\001\031\000p\000n\000y\000c\000h\000\040\000z\000a\000s\000o\000b\000\363\000w}{subsection.2.1.3}% 15
\BOOKMARK [3][-]{subsubsection*.12}{\376\377\000P\000r\000o\000s\000t\000o\000t\000a\000\040\000r\000o\000z\000b\000u\000d\000o\000w\000y\000:}{subsection.2.1.3}% 16
\BOOKMARK [3][-]{subsubsection*.13}{\376\377\000A\000n\000a\000l\000i\000t\000y\000k\000a\000\040\000c\000z\000a\000s\000u\000\040\000r\000z\000e\000c\000z\000y\000w\000i\000s\000t\000e\000g\000o\000:}{subsection.2.1.3}% 17
\BOOKMARK [3][-]{subsubsection*.14}{\376\377\000D\000o\000s\000t\001\031\000p\000n\000o\001\133\001\007\000\040\000w\000\040\000c\000h\000m\000u\000r\000z\000e\000:}{subsection.2.1.3}% 18
\BOOKMARK [3][-]{subsubsection*.15}{\376\377\000U\000n\000i\000k\000a\000n\000i\000e\000\040\000w\001\005\000s\000k\000i\000c\000h\000\040\000g\000a\000r\000d\000e\001\102\000:}{subsection.2.1.3}% 19
\BOOKMARK [2][-]{subsection.2.1.4}{\376\377\000S\000k\000a\000l\000o\000w\000a\000n\000i\000e}{section.2.1}% 20
\BOOKMARK [2][-]{subsection.2.1.5}{\376\377\000R\000e\000p\000l\000i\000k\000a\000c\000j\000a}{section.2.1}% 21
\BOOKMARK [3][-]{subsubsection*.16}{\376\377\000M\000e\000c\000h\000a\000n\000i\000z\000m\000y\000\040\000r\000e\000p\000l\000i\000k\000a\000c\000j\000i}{subsection.2.1.5}% 22
\BOOKMARK [3][-]{subsubsection*.17}{\376\377\000R\000o\000d\000z\000a\000j\000e\000\040\000m\000e\000c\000h\000a\000n\000i\000z\000m\000\363\000w\000\040\000r\000e\000p\000l\000i\000k\000a\000c\000j\000i}{subsection.2.1.5}% 23
\BOOKMARK [3][-]{subsubsection*.18}{\376\377\000Z\000a\000l\000e\000t\000y\000\040\000i\000\040\000W\000a\000d\000y\000\040\000r\000e\000p\000l\000i\000k\000a\000c\000j\000i}{subsection.2.1.5}% 24
\BOOKMARK [2][-]{subsection.2.1.6}{\376\377\000K\000o\000n\000t\000r\000o\000l\000a\000\040\000d\000o\000s\000t\001\031\000p\000u\000\040\000i\000\040\000l\000i\000m\000i\000t\000y\000\040\000s\000y\000s\000t\000e\000m\000o\000w\000e}{section.2.1}% 25
\BOOKMARK [2][-]{subsection.2.1.7}{\376\377\000T\000e\000s\000t\000o\000w\000a\000n\000i\000e\000\040\000w\000y\000d\000a\000j\000n\000o\001\133\000c\000i\000\040\000s\000p\000r\000z\001\031\000t\000u\000\040\000n\000a\000\040\000p\000o\000z\000i\000o\000m\000i\000e\000\040\000O\000S}{section.2.1}% 26
\BOOKMARK [2][-]{subsection.2.1.8}{\376\377\000P\000o\000d\000s\000u\000m\000o\000w\000a\000n\000i\000e}{section.2.1}% 27
\BOOKMARK [2][-]{subsection.2.1.9}{\376\377\000B\000i\000b\000l\000i\000o\000g\000r\000a\000f\000i\000a}{section.2.1}% 28
\BOOKMARK [0][-]{chapter.3}{\376\377\000P\000r\000o\000j\000e\000k\000t\000o\000w\000a\000n\000i\000e\000\040\000b\000a\000z\000y\000\040\000d\000a\000n\000y\000c\000h\000\040\000-\000\040\000m\000o\000d\000e\000l\000e}{}% 29
\BOOKMARK [1][-]{section.3.1}{\376\377\000W\000p\000r\000o\000w\000a\000d\000z\000e\000n\000i\000e}{chapter.3}% 30
\BOOKMARK [1][-]{section.3.2}{\376\377\000M\000o\000d\000e\000l\000\040\000K\000o\000n\000c\000e\000p\000t\000u\000a\000l\000n\000y}{chapter.3}% 31
\BOOKMARK [1][-]{section.3.3}{\376\377\000M\000o\000d\000e\000l\000\040\000L\000o\000g\000i\000c\000z\000n\000y}{chapter.3}% 32
\BOOKMARK [1][-]{section.3.4}{\376\377\000M\000o\000d\000e\000l\000\040\000F\000i\000z\000y\000c\000z\000n\000y}{chapter.3}% 33
\BOOKMARK [1][-]{section.3.5}{\376\377\000P\000r\000z\000y\000k\001\102\000a\000d\000o\000w\000e\000\040\000r\000e\000k\000o\000r\000d\000y}{chapter.3}% 34
\BOOKMARK [2][-]{subsection.3.5.1}{\376\377\000T\000a\000b\000e\000l\000a\000\040\000S\000p\000e\000c\000i\000a\000l\000i\000z\000a\000t\000i\000o\000n}{section.3.5}% 35
\BOOKMARK [2][-]{subsection.3.5.2}{\376\377\000T\000a\000b\000e\000l\000a\000\040\000D\000o\000c\000t\000o\000r}{section.3.5}% 36
\BOOKMARK [2][-]{subsection.3.5.3}{\376\377\000T\000a\000b\000e\000l\000a\000\040\000P\000a\000t\000i\000e\000n\000t}{section.3.5}% 37
\BOOKMARK [2][-]{subsection.3.5.4}{\376\377\000T\000a\000b\000e\000l\000a\000\040\000V\000i\000s\000i\000t}{section.3.5}% 38
\BOOKMARK [0][-]{chapter.4}{\376\377\000A\000n\000a\000l\000i\000z\000a\000\040\000B\000a\000z\000y\000\040\000d\000a\000n\000y\000c\000h\000\040\000i\000\040\000o\000p\000t\000y\000m\000a\000l\000i\000z\000a\000c\000j\000a\000\040\000z\000a\000p\000y\000t\000a\001\104}{}% 39
\BOOKMARK [1][-]{section.4.1}{\376\377\000A\000n\000a\000l\000i\000z\000a\000\040\000n\000o\000r\000m\000a\000l\000i\000z\000a\000c\000j\000i}{chapter.4}% 40
\BOOKMARK [2][-]{subsection.4.1.1}{\376\377\000M\000o\000d\000e\000l\000\040\000l\000o\000g\000i\000c\000z\000n\000y\000\040\000j\000e\000s\000t\000\040\000w\000\040\0003\000N\000F\000:}{section.4.1}% 41
\BOOKMARK [1][-]{section.4.2}{\376\377\000P\000o\000t\000e\000n\000c\000j\000a\000l\000n\000e\000\040\000p\000r\000o\000b\000l\000e\000m\000y\000\040\000w\000y\000d\000a\000j\000n\000o\001\133\000c\000i\000o\000w\000e}{chapter.4}% 42
\BOOKMARK [1][-]{section.4.3}{\376\377\000S\000t\000r\000a\000t\000e\000g\000i\000e\000\040\000o\000p\000t\000y\000m\000a\000l\000i\000z\000a\000c\000j\000i}{chapter.4}% 43
\BOOKMARK [1][-]{section.4.4}{\376\377\000P\000r\000e\000z\000e\000n\000t\000a\000c\000j\000a\000\040\000s\000k\000r\000y\000p\000t\000\363\000w\000\040\000w\000s\000p\000o\000m\000a\000g\000a\000j\001\005\000c\000y\000c\000h}{chapter.4}% 44
\BOOKMARK [1][-]{section.4.5}{\376\377\000W\000n\000i\000o\000s\000k\000i}{chapter.4}% 45
\BOOKMARK [0][-]{chapter.5}{\376\377\000P\000o\000d\000s\000u\000m\000o\000w\000a\000n\000i\000e}{}% 46
\BOOKMARK [1][-]{section.5.1}{\376\377\000S\000p\000i\000s\000\040\000r\000e\000p\000o\000z\000y\000t\000o\000r\000i\000\363\000w}{chapter.5}% 47
